08:45:26.826 [main] INFO  c.c.d.Demo01Application - [logStarting,50] - Starting Demo01Application using Java 17.0.12 with PID 27828 (C:\Users\10629\IdeaProjects\demo01\build\classes\java\main started by 10629 in C:\Users\10629\IdeaProjects\demo01)
08:45:26.828 [main] INFO  c.c.d.Demo01Application - [logStartupProfileInfo,660] - The following 1 profile is active: "dev"
08:45:27.398 [main] INFO  o.s.b.w.e.t.TomcatWebServer - [initialize,111] - Tomcat initialized with port 8080 (http)
08:45:27.405 [main] INFO  o.a.c.h.Http11NioProtocol - [log,173] - Initializing ProtocolHandler ["http-nio-8080"]
08:45:27.406 [main] INFO  o.a.c.c.StandardService - [log,173] - Starting service [Tomcat]
08:45:27.406 [main] INFO  o.a.c.c.StandardEngine - [log,173] - Starting Servlet engine: [Apache Tomcat/10.1.26]
08:45:27.442 [main] INFO  o.a.c.c.C.[.[.[/] - [log,173] - Initializing Spring embedded WebApplicationContext
08:45:27.442 [main] INFO  o.s.b.w.s.c.ServletWebServerApplicationContext - [prepareWebApplicationContext,296] - Root WebApplicationContext: initialization completed in 590 ms
08:45:27.707 [main] INFO  o.a.c.h.Http11NioProtocol - [log,173] - Starting ProtocolHandler ["http-nio-8080"]
08:45:27.717 [main] INFO  o.s.b.w.e.t.TomcatWebServer - [start,243] - Tomcat started on port 8080 (http) with context path '/'
08:45:27.721 [main] INFO  c.c.d.Demo01Application - [logStarted,56] - Started Demo01Application in 1.134 seconds (process running for 1.546)
08:45:28.301 [http-nio-8080-exec-1] INFO  o.a.c.c.C.[.[.[/] - [log,173] - Initializing Spring DispatcherServlet 'dispatcherServlet'
08:45:28.301 [http-nio-8080-exec-1] INFO  o.s.w.s.DispatcherServlet - [initServletBean,532] - Initializing Servlet 'dispatcherServlet'
08:45:28.302 [http-nio-8080-exec-1] INFO  o.s.w.s.DispatcherServlet - [initServletBean,554] - Completed initialization in 0 ms
08:45:28.809 [http-nio-8080-exec-8] INFO  o.s.a.AbstractOpenApiResource - [getOpenApi,390] - Init duration for springdoc-openapi is: 121 ms
08:49:30.404 [Test worker] INFO  o.s.t.c.s.AnnotationConfigContextLoaderUtils - [detectDefaultConfigurationClasses,83] - Could not detect default configuration classes for test class [com.chentao.demo01.Demo01ApplicationTests]: Demo01ApplicationTests does not declare any static, non-private, non-final, nested classes annotated with @Configuration.
08:49:30.462 [Test worker] INFO  o.s.b.t.c.SpringBootTestContextBootstrapper - [getOrFindConfigurationClasses,234] - Found @SpringBootConfiguration com.chentao.demo01.Demo01Application for test class com.chentao.demo01.Demo01ApplicationTests
08:49:30.707 [Test worker] INFO  c.c.d.Demo01ApplicationTests - [logStarting,50] - Starting Demo01ApplicationTests using Java 17.0.12 with PID 30556 (started by 10629 in C:\Users\10629\IdeaProjects\demo01)
08:49:30.707 [Test worker] INFO  c.c.d.Demo01ApplicationTests - [logStartupProfileInfo,660] - The following 1 profile is active: "dev"
08:49:31.512 [Test worker] INFO  c.c.d.Demo01ApplicationTests - [logStarted,56] - Started Demo01ApplicationTests in 0.965 seconds (process running for 1.721)
08:49:37.795 [main] INFO  c.c.d.Demo01Application - [logStarting,50] - Starting Demo01Application using Java 17.0.12 with PID 60420 (C:\Users\10629\IdeaProjects\demo01\build\classes\java\main started by 10629 in C:\Users\10629\IdeaProjects\demo01)
08:49:37.796 [main] INFO  c.c.d.Demo01Application - [logStartupProfileInfo,660] - The following 1 profile is active: "dev"
08:49:38.259 [main] INFO  o.s.b.w.e.t.TomcatWebServer - [initialize,111] - Tomcat initialized with port 8080 (http)
08:49:38.264 [main] INFO  o.a.c.h.Http11NioProtocol - [log,173] - Initializing ProtocolHandler ["http-nio-8080"]
08:49:38.265 [main] INFO  o.a.c.c.StandardService - [log,173] - Starting service [Tomcat]
08:49:38.266 [main] INFO  o.a.c.c.StandardEngine - [log,173] - Starting Servlet engine: [Apache Tomcat/10.1.26]
08:49:38.301 [main] INFO  o.a.c.c.C.[.[.[/] - [log,173] - Initializing Spring embedded WebApplicationContext
08:49:38.302 [main] INFO  o.s.b.w.s.c.ServletWebServerApplicationContext - [prepareWebApplicationContext,296] - Root WebApplicationContext: initialization completed in 487 ms
08:49:38.534 [main] INFO  o.a.c.h.Http11NioProtocol - [log,173] - Starting ProtocolHandler ["http-nio-8080"]
08:49:38.542 [main] INFO  o.s.b.w.e.t.TomcatWebServer - [start,243] - Tomcat started on port 8080 (http) with context path '/'
08:49:38.546 [main] INFO  c.c.d.Demo01Application - [logStarted,56] - Started Demo01Application in 0.944 seconds (process running for 1.274)
08:49:42.171 [http-nio-8080-exec-3] INFO  o.a.c.c.C.[.[.[/] - [log,173] - Initializing Spring DispatcherServlet 'dispatcherServlet'
08:49:42.171 [http-nio-8080-exec-3] INFO  o.s.w.s.DispatcherServlet - [initServletBean,532] - Initializing Servlet 'dispatcherServlet'
08:49:42.171 [http-nio-8080-exec-3] INFO  o.s.w.s.DispatcherServlet - [initServletBean,554] - Completed initialization in 0 ms
08:49:42.730 [http-nio-8080-exec-6] INFO  o.s.a.AbstractOpenApiResource - [getOpenApi,390] - Init duration for springdoc-openapi is: 119 ms
10:02:14.878 [main] INFO  c.c.d.Demo01Application - [logStarting,50] - Starting Demo01Application using Java 17.0.12 with PID 38232 (C:\Users\10629\IdeaProjects\demo01\build\classes\java\main started by 10629 in C:\Users\10629\IdeaProjects\demo01)
10:02:14.879 [main] INFO  c.c.d.Demo01Application - [logStartupProfileInfo,660] - The following 1 profile is active: "dev"
10:02:15.348 [main] INFO  o.s.b.w.e.t.TomcatWebServer - [initialize,111] - Tomcat initialized with port 8080 (http)
10:02:15.353 [main] INFO  o.a.c.h.Http11NioProtocol - [log,173] - Initializing ProtocolHandler ["http-nio-8080"]
10:02:15.354 [main] INFO  o.a.c.c.StandardService - [log,173] - Starting service [Tomcat]
10:02:15.354 [main] INFO  o.a.c.c.StandardEngine - [log,173] - Starting Servlet engine: [Apache Tomcat/10.1.26]
10:02:15.393 [main] INFO  o.a.c.c.C.[.[.[/] - [log,173] - Initializing Spring embedded WebApplicationContext
10:02:15.393 [main] INFO  o.s.b.w.s.c.ServletWebServerApplicationContext - [prepareWebApplicationContext,296] - Root WebApplicationContext: initialization completed in 496 ms
10:02:15.656 [main] INFO  o.a.c.h.Http11NioProtocol - [log,173] - Starting ProtocolHandler ["http-nio-8080"]
10:02:15.665 [main] INFO  o.s.b.w.e.t.TomcatWebServer - [start,243] - Tomcat started on port 8080 (http) with context path '/'
10:02:15.669 [main] INFO  c.c.d.Demo01Application - [logStarted,56] - Started Demo01Application in 0.981 seconds (process running for 1.309)
10:02:21.877 [http-nio-8080-exec-1] INFO  o.a.c.c.C.[.[.[/] - [log,173] - Initializing Spring DispatcherServlet 'dispatcherServlet'
10:02:21.877 [http-nio-8080-exec-1] INFO  o.s.w.s.DispatcherServlet - [initServletBean,532] - Initializing Servlet 'dispatcherServlet'
10:02:21.878 [http-nio-8080-exec-1] INFO  o.s.w.s.DispatcherServlet - [initServletBean,554] - Completed initialization in 0 ms
10:02:22.242 [http-nio-8080-exec-4] INFO  o.s.a.AbstractOpenApiResource - [getOpenApi,390] - Init duration for springdoc-openapi is: 116 ms
10:39:11.460 [main] INFO  c.c.d.Demo01Application - [logStarting,50] - Starting Demo01Application using Java 17.0.12 with PID 15840 (C:\Users\10629\IdeaProjects\demo01\build\classes\java\main started by 10629 in C:\Users\10629\IdeaProjects\demo01)
10:39:11.461 [main] INFO  c.c.d.Demo01Application - [logStartupProfileInfo,660] - The following 1 profile is active: "dev"
10:39:11.937 [main] INFO  o.s.b.w.e.t.TomcatWebServer - [initialize,111] - Tomcat initialized with port 8080 (http)
10:39:11.942 [main] INFO  o.a.c.h.Http11NioProtocol - [log,173] - Initializing ProtocolHandler ["http-nio-8080"]
10:39:11.943 [main] INFO  o.a.c.c.StandardService - [log,173] - Starting service [Tomcat]
10:39:11.944 [main] INFO  o.a.c.c.StandardEngine - [log,173] - Starting Servlet engine: [Apache Tomcat/10.1.26]
10:39:11.982 [main] INFO  o.a.c.c.C.[.[.[/] - [log,173] - Initializing Spring embedded WebApplicationContext
10:39:11.982 [main] INFO  o.s.b.w.s.c.ServletWebServerApplicationContext - [prepareWebApplicationContext,296] - Root WebApplicationContext: initialization completed in 503 ms
10:39:12.205 [main] INFO  o.a.c.h.Http11NioProtocol - [log,173] - Starting ProtocolHandler ["http-nio-8080"]
10:39:12.214 [main] INFO  o.s.b.w.e.t.TomcatWebServer - [start,243] - Tomcat started on port 8080 (http) with context path '/'
10:39:12.218 [main] INFO  c.c.d.Demo01Application - [logStarted,56] - Started Demo01Application in 0.952 seconds (process running for 1.283)
10:39:17.706 [http-nio-8080-exec-1] INFO  o.a.c.c.C.[.[.[/] - [log,173] - Initializing Spring DispatcherServlet 'dispatcherServlet'
10:39:17.706 [http-nio-8080-exec-1] INFO  o.s.w.s.DispatcherServlet - [initServletBean,532] - Initializing Servlet 'dispatcherServlet'
10:39:17.707 [http-nio-8080-exec-1] INFO  o.s.w.s.DispatcherServlet - [initServletBean,554] - Completed initialization in 0 ms
10:39:18.142 [http-nio-8080-exec-7] INFO  o.s.a.AbstractOpenApiResource - [getOpenApi,390] - Init duration for springdoc-openapi is: 117 ms
10:41:49.455 [main] INFO  c.c.d.Demo01Application - [logStarting,50] - Starting Demo01Application using Java 17.0.12 with PID 15532 (C:\Users\10629\IdeaProjects\demo01\build\classes\java\main started by 10629 in C:\Users\10629\IdeaProjects\demo01)
10:41:49.457 [main] INFO  c.c.d.Demo01Application - [logStartupProfileInfo,660] - The following 1 profile is active: "dev"
10:41:49.933 [main] INFO  o.s.b.w.e.t.TomcatWebServer - [initialize,111] - Tomcat initialized with port 8080 (http)
10:41:49.939 [main] INFO  o.a.c.h.Http11NioProtocol - [log,173] - Initializing ProtocolHandler ["http-nio-8080"]
10:41:49.940 [main] INFO  o.a.c.c.StandardService - [log,173] - Starting service [Tomcat]
10:41:49.940 [main] INFO  o.a.c.c.StandardEngine - [log,173] - Starting Servlet engine: [Apache Tomcat/10.1.26]
10:41:49.978 [main] INFO  o.a.c.c.C.[.[.[/] - [log,173] - Initializing Spring embedded WebApplicationContext
10:41:49.979 [main] INFO  o.s.b.w.s.c.ServletWebServerApplicationContext - [prepareWebApplicationContext,296] - Root WebApplicationContext: initialization completed in 504 ms
10:41:50.199 [main] INFO  o.a.c.h.Http11NioProtocol - [log,173] - Starting ProtocolHandler ["http-nio-8080"]
10:41:50.208 [main] INFO  o.s.b.w.e.t.TomcatWebServer - [start,243] - Tomcat started on port 8080 (http) with context path '/'
10:41:50.212 [main] INFO  c.c.d.Demo01Application - [logStarted,56] - Started Demo01Application in 0.945 seconds (process running for 1.275)
10:41:54.013 [http-nio-8080-exec-1] INFO  o.a.c.c.C.[.[.[/] - [log,173] - Initializing Spring DispatcherServlet 'dispatcherServlet'
10:41:54.013 [http-nio-8080-exec-1] INFO  o.s.w.s.DispatcherServlet - [initServletBean,532] - Initializing Servlet 'dispatcherServlet'
10:41:54.013 [http-nio-8080-exec-1] INFO  o.s.w.s.DispatcherServlet - [initServletBean,554] - Completed initialization in 0 ms
10:41:54.475 [http-nio-8080-exec-4] INFO  o.s.a.AbstractOpenApiResource - [getOpenApi,390] - Init duration for springdoc-openapi is: 117 ms
10:42:36.215 [main] INFO  c.c.d.Demo01Application - [logStarting,50] - Starting Demo01Application using Java 17.0.12 with PID 44372 (C:\Users\10629\IdeaProjects\demo01\build\classes\java\main started by 10629 in C:\Users\10629\IdeaProjects\demo01)
10:42:36.217 [main] INFO  c.c.d.Demo01Application - [logStartupProfileInfo,660] - The following 1 profile is active: "dev"
10:42:36.704 [main] INFO  o.s.b.w.e.t.TomcatWebServer - [initialize,111] - Tomcat initialized with port 8080 (http)
10:42:36.708 [main] INFO  o.a.c.h.Http11NioProtocol - [log,173] - Initializing ProtocolHandler ["http-nio-8080"]
10:42:36.709 [main] INFO  o.a.c.c.StandardService - [log,173] - Starting service [Tomcat]
10:42:36.710 [main] INFO  o.a.c.c.StandardEngine - [log,173] - Starting Servlet engine: [Apache Tomcat/10.1.26]
10:42:36.746 [main] INFO  o.a.c.c.C.[.[.[/] - [log,173] - Initializing Spring embedded WebApplicationContext
10:42:36.746 [main] INFO  o.s.b.w.s.c.ServletWebServerApplicationContext - [prepareWebApplicationContext,296] - Root WebApplicationContext: initialization completed in 512 ms
10:42:36.962 [main] INFO  o.a.c.h.Http11NioProtocol - [log,173] - Starting ProtocolHandler ["http-nio-8080"]
10:42:36.971 [main] INFO  o.s.b.w.e.t.TomcatWebServer - [start,243] - Tomcat started on port 8080 (http) with context path '/'
10:42:36.975 [main] INFO  c.c.d.Demo01Application - [logStarted,56] - Started Demo01Application in 0.95 seconds (process running for 1.277)
10:42:38.693 [http-nio-8080-exec-1] INFO  o.a.c.c.C.[.[.[/] - [log,173] - Initializing Spring DispatcherServlet 'dispatcherServlet'
10:42:38.693 [http-nio-8080-exec-1] INFO  o.s.w.s.DispatcherServlet - [initServletBean,532] - Initializing Servlet 'dispatcherServlet'
10:42:38.694 [http-nio-8080-exec-1] INFO  o.s.w.s.DispatcherServlet - [initServletBean,554] - Completed initialization in 1 ms
10:42:42.294 [http-nio-8080-exec-4] INFO  o.s.a.AbstractOpenApiResource - [getOpenApi,390] - Init duration for springdoc-openapi is: 119 ms
15:57:04.025 [Test worker] INFO  o.s.t.c.s.AnnotationConfigContextLoaderUtils - [detectDefaultConfigurationClasses,83] - Could not detect default configuration classes for test class [com.chentao.demo01.Demo01ApplicationTests]: Demo01ApplicationTests does not declare any static, non-private, non-final, nested classes annotated with @Configuration.
15:57:04.088 [Test worker] INFO  o.s.b.t.c.SpringBootTestContextBootstrapper - [getOrFindConfigurationClasses,234] - Found @SpringBootConfiguration com.chentao.demo01.Demo01Application for test class com.chentao.demo01.Demo01ApplicationTests
15:57:04.327 [Test worker] INFO  c.c.d.Demo01ApplicationTests - [logStarting,50] - Starting Demo01ApplicationTests using Java 17.0.12 with PID 61072 (started by 10629 in C:\Users\10629\IdeaProjects\demo01)
15:57:04.327 [Test worker] INFO  c.c.d.Demo01ApplicationTests - [logStartupProfileInfo,660] - The following 1 profile is active: "dev"
15:57:05.148 [Test worker] INFO  c.c.d.Demo01ApplicationTests - [logStarted,56] - Started Demo01ApplicationTests in 0.979 seconds (process running for 1.686)
15:57:10.596 [main] INFO  c.c.d.Demo01Application - [logStarting,50] - Starting Demo01Application using Java 17.0.12 with PID 64348 (C:\Users\10629\IdeaProjects\demo01\build\classes\java\main started by 10629 in C:\Users\10629\IdeaProjects\demo01)
15:57:10.598 [main] INFO  c.c.d.Demo01Application - [logStartupProfileInfo,660] - The following 1 profile is active: "dev"
15:57:11.085 [main] INFO  o.s.b.w.e.t.TomcatWebServer - [initialize,111] - Tomcat initialized with port 8080 (http)
15:57:11.090 [main] INFO  o.a.c.h.Http11NioProtocol - [log,173] - Initializing ProtocolHandler ["http-nio-8080"]
15:57:11.091 [main] INFO  o.a.c.c.StandardService - [log,173] - Starting service [Tomcat]
15:57:11.092 [main] INFO  o.a.c.c.StandardEngine - [log,173] - Starting Servlet engine: [Apache Tomcat/10.1.26]
15:57:11.127 [main] INFO  o.a.c.c.C.[.[.[/] - [log,173] - Initializing Spring embedded WebApplicationContext
15:57:11.127 [main] INFO  o.s.b.w.s.c.ServletWebServerApplicationContext - [prepareWebApplicationContext,296] - Root WebApplicationContext: initialization completed in 509 ms
15:57:11.363 [main] INFO  o.a.c.h.Http11NioProtocol - [log,173] - Starting ProtocolHandler ["http-nio-8080"]
15:57:11.373 [main] INFO  o.s.b.w.e.t.TomcatWebServer - [start,243] - Tomcat started on port 8080 (http) with context path '/'
15:57:11.376 [main] INFO  c.c.d.Demo01Application - [logStarted,56] - Started Demo01Application in 0.974 seconds (process running for 1.33)
16:03:45.569 [main] INFO  c.c.d.Demo01Application - [logStarting,50] - Starting Demo01Application using Java 17.0.12 with PID 44436 (C:\Users\10629\IdeaProjects\demo01\build\classes\java\main started by 10629 in C:\Users\10629\IdeaProjects\demo01)
16:03:45.570 [main] INFO  c.c.d.Demo01Application - [logStartupProfileInfo,660] - The following 1 profile is active: "dev"
16:03:46.059 [main] INFO  o.s.b.w.e.t.TomcatWebServer - [initialize,111] - Tomcat initialized with port 8080 (http)
16:03:46.065 [main] INFO  o.a.c.h.Http11NioProtocol - [log,173] - Initializing ProtocolHandler ["http-nio-8080"]
16:03:46.066 [main] INFO  o.a.c.c.StandardService - [log,173] - Starting service [Tomcat]
16:03:46.066 [main] INFO  o.a.c.c.StandardEngine - [log,173] - Starting Servlet engine: [Apache Tomcat/10.1.26]
16:03:46.102 [main] INFO  o.a.c.c.C.[.[.[/] - [log,173] - Initializing Spring embedded WebApplicationContext
16:03:46.102 [main] INFO  o.s.b.w.s.c.ServletWebServerApplicationContext - [prepareWebApplicationContext,296] - Root WebApplicationContext: initialization completed in 512 ms
16:03:46.328 [main] INFO  o.a.c.h.Http11NioProtocol - [log,173] - Starting ProtocolHandler ["http-nio-8080"]
16:03:46.338 [main] INFO  o.s.b.w.e.t.TomcatWebServer - [start,243] - Tomcat started on port 8080 (http) with context path '/'
16:03:46.341 [main] INFO  c.c.d.Demo01Application - [logStarted,56] - Started Demo01Application in 0.962 seconds (process running for 1.298)
16:03:55.330 [http-nio-8080-exec-1] INFO  o.a.c.c.C.[.[.[/] - [log,173] - Initializing Spring DispatcherServlet 'dispatcherServlet'
16:03:55.331 [http-nio-8080-exec-1] INFO  o.s.w.s.DispatcherServlet - [initServletBean,532] - Initializing Servlet 'dispatcherServlet'
16:03:55.331 [http-nio-8080-exec-1] INFO  o.s.w.s.DispatcherServlet - [initServletBean,554] - Completed initialization in 0 ms
16:11:44.808 [main] INFO  c.c.d.Demo01Application - [logStarting,50] - Starting Demo01Application using Java 17.0.12 with PID 1548 (C:\Users\10629\IdeaProjects\demo01\build\classes\java\main started by 10629 in C:\Users\10629\IdeaProjects\demo01)
16:11:44.809 [main] INFO  c.c.d.Demo01Application - [logStartupProfileInfo,660] - The following 1 profile is active: "dev"
16:11:45.296 [main] INFO  o.s.b.w.e.t.TomcatWebServer - [initialize,111] - Tomcat initialized with port 8080 (http)
16:11:45.301 [main] INFO  o.a.c.h.Http11NioProtocol - [log,173] - Initializing ProtocolHandler ["http-nio-8080"]
16:11:45.303 [main] INFO  o.a.c.c.StandardService - [log,173] - Starting service [Tomcat]
16:11:45.303 [main] INFO  o.a.c.c.StandardEngine - [log,173] - Starting Servlet engine: [Apache Tomcat/10.1.26]
16:11:45.341 [main] INFO  o.a.c.c.C.[.[.[/] - [log,173] - Initializing Spring embedded WebApplicationContext
16:11:45.341 [main] INFO  o.s.b.w.s.c.ServletWebServerApplicationContext - [prepareWebApplicationContext,296] - Root WebApplicationContext: initialization completed in 514 ms
16:11:45.575 [main] INFO  o.a.c.h.Http11NioProtocol - [log,173] - Starting ProtocolHandler ["http-nio-8080"]
16:11:45.583 [main] INFO  o.s.b.w.e.t.TomcatWebServer - [start,243] - Tomcat started on port 8080 (http) with context path '/'
16:11:45.586 [main] INFO  c.c.d.Demo01Application - [logStarted,56] - Started Demo01Application in 0.967 seconds (process running for 1.295)
16:12:01.996 [http-nio-8080-exec-1] INFO  o.a.c.c.C.[.[.[/] - [log,173] - Initializing Spring DispatcherServlet 'dispatcherServlet'
16:12:01.996 [http-nio-8080-exec-1] INFO  o.s.w.s.DispatcherServlet - [initServletBean,532] - Initializing Servlet 'dispatcherServlet'
16:12:01.996 [http-nio-8080-exec-1] INFO  o.s.w.s.DispatcherServlet - [initServletBean,554] - Completed initialization in 0 ms
16:13:24.126 [main] INFO  c.c.d.Demo01Application - [logStarting,50] - Starting Demo01Application using Java 17.0.12 with PID 23204 (C:\Users\10629\IdeaProjects\demo01\build\classes\java\main started by 10629 in C:\Users\10629\IdeaProjects\demo01)
16:13:24.127 [main] INFO  c.c.d.Demo01Application - [logStartupProfileInfo,660] - The following 1 profile is active: "dev"
16:13:24.615 [main] INFO  o.s.b.w.e.t.TomcatWebServer - [initialize,111] - Tomcat initialized with port 8080 (http)
16:13:24.621 [main] INFO  o.a.c.h.Http11NioProtocol - [log,173] - Initializing ProtocolHandler ["http-nio-8080"]
16:13:24.622 [main] INFO  o.a.c.c.StandardService - [log,173] - Starting service [Tomcat]
16:13:24.622 [main] INFO  o.a.c.c.StandardEngine - [log,173] - Starting Servlet engine: [Apache Tomcat/10.1.26]
16:13:24.658 [main] INFO  o.a.c.c.C.[.[.[/] - [log,173] - Initializing Spring embedded WebApplicationContext
16:13:24.659 [main] INFO  o.s.b.w.s.c.ServletWebServerApplicationContext - [prepareWebApplicationContext,296] - Root WebApplicationContext: initialization completed in 511 ms
16:13:24.896 [main] INFO  o.a.c.h.Http11NioProtocol - [log,173] - Starting ProtocolHandler ["http-nio-8080"]
16:13:24.905 [main] INFO  o.s.b.w.e.t.TomcatWebServer - [start,243] - Tomcat started on port 8080 (http) with context path '/'
16:13:24.909 [main] INFO  c.c.d.Demo01Application - [logStarted,56] - Started Demo01Application in 0.982 seconds (process running for 1.316)
16:13:32.583 [http-nio-8080-exec-1] INFO  o.a.c.c.C.[.[.[/] - [log,173] - Initializing Spring DispatcherServlet 'dispatcherServlet'
16:13:32.583 [http-nio-8080-exec-1] INFO  o.s.w.s.DispatcherServlet - [initServletBean,532] - Initializing Servlet 'dispatcherServlet'
16:13:32.583 [http-nio-8080-exec-1] INFO  o.s.w.s.DispatcherServlet - [initServletBean,554] - Completed initialization in 0 ms
16:15:02.266 [main] INFO  c.c.d.Demo01Application - [logStarting,50] - Starting Demo01Application using Java 17.0.12 with PID 20948 (C:\Users\10629\IdeaProjects\demo01\build\classes\java\main started by 10629 in C:\Users\10629\IdeaProjects\demo01)
16:15:02.267 [main] INFO  c.c.d.Demo01Application - [logStartupProfileInfo,660] - The following 1 profile is active: "dev"
16:15:02.753 [main] INFO  o.s.b.w.e.t.TomcatWebServer - [initialize,111] - Tomcat initialized with port 8080 (http)
16:15:02.759 [main] INFO  o.a.c.h.Http11NioProtocol - [log,173] - Initializing ProtocolHandler ["http-nio-8080"]
16:15:02.760 [main] INFO  o.a.c.c.StandardService - [log,173] - Starting service [Tomcat]
16:15:02.760 [main] INFO  o.a.c.c.StandardEngine - [log,173] - Starting Servlet engine: [Apache Tomcat/10.1.26]
16:15:02.799 [main] INFO  o.a.c.c.C.[.[.[/] - [log,173] - Initializing Spring embedded WebApplicationContext
16:15:02.800 [main] INFO  o.s.b.w.s.c.ServletWebServerApplicationContext - [prepareWebApplicationContext,296] - Root WebApplicationContext: initialization completed in 513 ms
16:15:03.035 [main] INFO  o.a.c.h.Http11NioProtocol - [log,173] - Starting ProtocolHandler ["http-nio-8080"]
16:15:03.044 [main] INFO  o.s.b.w.e.t.TomcatWebServer - [start,243] - Tomcat started on port 8080 (http) with context path '/'
16:15:03.049 [main] INFO  c.c.d.Demo01Application - [logStarted,56] - Started Demo01Application in 0.969 seconds (process running for 1.299)
16:16:54.166 [http-nio-8080-exec-1] INFO  o.a.c.c.C.[.[.[/] - [log,173] - Initializing Spring DispatcherServlet 'dispatcherServlet'
16:16:54.166 [http-nio-8080-exec-1] INFO  o.s.w.s.DispatcherServlet - [initServletBean,532] - Initializing Servlet 'dispatcherServlet'
16:16:54.166 [http-nio-8080-exec-1] INFO  o.s.w.s.DispatcherServlet - [initServletBean,554] - Completed initialization in 0 ms
16:20:35.696 [main] INFO  c.c.d.Demo01Application - [logStarting,50] - Starting Demo01Application using Java 17.0.12 with PID 49424 (C:\Users\10629\IdeaProjects\demo01\build\classes\java\main started by 10629 in C:\Users\10629\IdeaProjects\demo01)
16:20:35.697 [main] INFO  c.c.d.Demo01Application - [logStartupProfileInfo,660] - The following 1 profile is active: "dev"
16:20:36.192 [main] INFO  o.s.b.w.e.t.TomcatWebServer - [initialize,111] - Tomcat initialized with port 8080 (http)
16:20:36.197 [main] INFO  o.a.c.h.Http11NioProtocol - [log,173] - Initializing ProtocolHandler ["http-nio-8080"]
16:20:36.198 [main] INFO  o.a.c.c.StandardService - [log,173] - Starting service [Tomcat]
16:20:36.198 [main] INFO  o.a.c.c.StandardEngine - [log,173] - Starting Servlet engine: [Apache Tomcat/10.1.26]
16:20:36.235 [main] INFO  o.a.c.c.C.[.[.[/] - [log,173] - Initializing Spring embedded WebApplicationContext
16:20:36.235 [main] INFO  o.s.b.w.s.c.ServletWebServerApplicationContext - [prepareWebApplicationContext,296] - Root WebApplicationContext: initialization completed in 517 ms
16:20:36.469 [main] INFO  o.a.c.h.Http11NioProtocol - [log,173] - Starting ProtocolHandler ["http-nio-8080"]
16:20:36.477 [main] INFO  o.s.b.w.e.t.TomcatWebServer - [start,243] - Tomcat started on port 8080 (http) with context path '/'
16:20:36.482 [main] INFO  c.c.d.Demo01Application - [logStarted,56] - Started Demo01Application in 0.981 seconds (process running for 1.313)
16:21:00.269 [http-nio-8080-exec-1] INFO  o.a.c.c.C.[.[.[/] - [log,173] - Initializing Spring DispatcherServlet 'dispatcherServlet'
16:21:00.270 [http-nio-8080-exec-1] INFO  o.s.w.s.DispatcherServlet - [initServletBean,532] - Initializing Servlet 'dispatcherServlet'
16:21:00.270 [http-nio-8080-exec-1] INFO  o.s.w.s.DispatcherServlet - [initServletBean,554] - Completed initialization in 0 ms
16:35:17.136 [main] INFO  c.c.d.Demo01Application - [logStarting,50] - Starting Demo01Application using Java 17.0.12 with PID 51656 (C:\Users\10629\IdeaProjects\demo01\build\classes\java\main started by 10629 in C:\Users\10629\IdeaProjects\demo01)
16:35:17.137 [main] INFO  c.c.d.Demo01Application - [logStartupProfileInfo,660] - The following 1 profile is active: "dev"
16:35:17.618 [main] INFO  o.s.b.w.e.t.TomcatWebServer - [initialize,111] - Tomcat initialized with port 8080 (http)
16:35:17.624 [main] INFO  o.a.c.h.Http11NioProtocol - [log,173] - Initializing ProtocolHandler ["http-nio-8080"]
16:35:17.626 [main] INFO  o.a.c.c.StandardService - [log,173] - Starting service [Tomcat]
16:35:17.626 [main] INFO  o.a.c.c.StandardEngine - [log,173] - Starting Servlet engine: [Apache Tomcat/10.1.26]
16:35:17.663 [main] INFO  o.a.c.c.C.[.[.[/] - [log,173] - Initializing Spring embedded WebApplicationContext
16:35:17.663 [main] INFO  o.s.b.w.s.c.ServletWebServerApplicationContext - [prepareWebApplicationContext,296] - Root WebApplicationContext: initialization completed in 507 ms
16:35:17.891 [main] INFO  o.a.c.h.Http11NioProtocol - [log,173] - Starting ProtocolHandler ["http-nio-8080"]
16:35:17.901 [main] INFO  o.s.b.w.e.t.TomcatWebServer - [start,243] - Tomcat started on port 8080 (http) with context path '/'
16:35:17.905 [main] INFO  c.c.d.Demo01Application - [logStarted,56] - Started Demo01Application in 0.96 seconds (process running for 1.293)
16:35:34.100 [http-nio-8080-exec-1] INFO  o.a.c.c.C.[.[.[/] - [log,173] - Initializing Spring DispatcherServlet 'dispatcherServlet'
16:35:34.100 [http-nio-8080-exec-1] INFO  o.s.w.s.DispatcherServlet - [initServletBean,532] - Initializing Servlet 'dispatcherServlet'
16:35:34.100 [http-nio-8080-exec-1] INFO  o.s.w.s.DispatcherServlet - [initServletBean,554] - Completed initialization in 0 ms
16:37:13.113 [main] INFO  c.c.d.Demo01Application - [logStarting,50] - Starting Demo01Application using Java 17.0.12 with PID 8720 (C:\Users\10629\IdeaProjects\demo01\build\classes\java\main started by 10629 in C:\Users\10629\IdeaProjects\demo01)
16:37:13.115 [main] INFO  c.c.d.Demo01Application - [logStartupProfileInfo,660] - The following 1 profile is active: "dev"
16:37:13.603 [main] INFO  o.s.b.w.e.t.TomcatWebServer - [initialize,111] - Tomcat initialized with port 8080 (http)
16:37:13.609 [main] INFO  o.a.c.h.Http11NioProtocol - [log,173] - Initializing ProtocolHandler ["http-nio-8080"]
16:37:13.610 [main] INFO  o.a.c.c.StandardService - [log,173] - Starting service [Tomcat]
16:37:13.610 [main] INFO  o.a.c.c.StandardEngine - [log,173] - Starting Servlet engine: [Apache Tomcat/10.1.26]
16:37:13.647 [main] INFO  o.a.c.c.C.[.[.[/] - [log,173] - Initializing Spring embedded WebApplicationContext
16:37:13.647 [main] INFO  o.s.b.w.s.c.ServletWebServerApplicationContext - [prepareWebApplicationContext,296] - Root WebApplicationContext: initialization completed in 512 ms
16:37:13.879 [main] INFO  o.a.c.h.Http11NioProtocol - [log,173] - Starting ProtocolHandler ["http-nio-8080"]
16:37:13.888 [main] INFO  o.s.b.w.e.t.TomcatWebServer - [start,243] - Tomcat started on port 8080 (http) with context path '/'
16:37:13.892 [main] INFO  c.c.d.Demo01Application - [logStarted,56] - Started Demo01Application in 0.969 seconds (process running for 1.297)
16:37:34.425 [http-nio-8080-exec-1] INFO  o.a.c.c.C.[.[.[/] - [log,173] - Initializing Spring DispatcherServlet 'dispatcherServlet'
16:37:34.425 [http-nio-8080-exec-1] INFO  o.s.w.s.DispatcherServlet - [initServletBean,532] - Initializing Servlet 'dispatcherServlet'
16:37:34.427 [http-nio-8080-exec-1] INFO  o.s.w.s.DispatcherServlet - [initServletBean,554] - Completed initialization in 2 ms
16:38:45.867 [main] INFO  c.c.d.Demo01Application - [logStarting,50] - Starting Demo01Application using Java 17.0.12 with PID 38920 (C:\Users\10629\IdeaProjects\demo01\build\classes\java\main started by 10629 in C:\Users\10629\IdeaProjects\demo01)
16:38:45.868 [main] INFO  c.c.d.Demo01Application - [logStartupProfileInfo,660] - The following 1 profile is active: "dev"
16:38:46.349 [main] INFO  o.s.b.w.e.t.TomcatWebServer - [initialize,111] - Tomcat initialized with port 8080 (http)
16:38:46.355 [main] INFO  o.a.c.h.Http11NioProtocol - [log,173] - Initializing ProtocolHandler ["http-nio-8080"]
16:38:46.356 [main] INFO  o.a.c.c.StandardService - [log,173] - Starting service [Tomcat]
16:38:46.357 [main] INFO  o.a.c.c.StandardEngine - [log,173] - Starting Servlet engine: [Apache Tomcat/10.1.26]
16:38:46.393 [main] INFO  o.a.c.c.C.[.[.[/] - [log,173] - Initializing Spring embedded WebApplicationContext
16:38:46.393 [main] INFO  o.s.b.w.s.c.ServletWebServerApplicationContext - [prepareWebApplicationContext,296] - Root WebApplicationContext: initialization completed in 507 ms
16:38:46.628 [main] INFO  o.a.c.h.Http11NioProtocol - [log,173] - Starting ProtocolHandler ["http-nio-8080"]
16:38:46.639 [main] INFO  o.s.b.w.e.t.TomcatWebServer - [start,243] - Tomcat started on port 8080 (http) with context path '/'
16:38:46.643 [main] INFO  c.c.d.Demo01Application - [logStarted,56] - Started Demo01Application in 0.969 seconds (process running for 1.31)
16:38:51.678 [http-nio-8080-exec-1] INFO  o.a.c.c.C.[.[.[/] - [log,173] - Initializing Spring DispatcherServlet 'dispatcherServlet'
16:38:51.678 [http-nio-8080-exec-1] INFO  o.s.w.s.DispatcherServlet - [initServletBean,532] - Initializing Servlet 'dispatcherServlet'
16:38:51.678 [http-nio-8080-exec-1] INFO  o.s.w.s.DispatcherServlet - [initServletBean,554] - Completed initialization in 0 ms
